b:\projects\visual-studio\3d-renderer\3d-renderer\debug\vc143.pdb
b:\projects\visual-studio\3d-renderer\3d-renderer\debug\vc143.idb
b:\projects\visual-studio\3d-renderer\3d-renderer\debug\vector.obj
b:\projects\visual-studio\3d-renderer\3d-renderer\debug\tri.obj
b:\projects\visual-studio\3d-renderer\3d-renderer\debug\mesh.obj
b:\projects\visual-studio\3d-renderer\3d-renderer\debug\main.obj
b:\projects\visual-studio\3d-renderer\3d-renderer\debug\display.obj
b:\projects\visual-studio\3d-renderer\3d-renderer\debug\array.obj
b:\projects\visual-studio\3d-renderer\3d-renderer\debug\3d-renderer.ilk
b:\projects\visual-studio\3d-renderer\debug\3d-renderer.exe
b:\projects\visual-studio\3d-renderer\debug\3d-renderer.pdb
b:\projects\visual-studio\3d-renderer\3d-renderer\debug\3d-renderer.tlog\cl.command.1.tlog
b:\projects\visual-studio\3d-renderer\3d-renderer\debug\3d-renderer.tlog\cl.read.1.tlog
b:\projects\visual-studio\3d-renderer\3d-renderer\debug\3d-renderer.tlog\cl.write.1.tlog
b:\projects\visual-studio\3d-renderer\3d-renderer\debug\3d-renderer.tlog\link-cvtres.read.1.tlog
b:\projects\visual-studio\3d-renderer\3d-renderer\debug\3d-renderer.tlog\link-cvtres.write.1.tlog
b:\projects\visual-studio\3d-renderer\3d-renderer\debug\3d-renderer.tlog\link-rc.read.1.tlog
b:\projects\visual-studio\3d-renderer\3d-renderer\debug\3d-renderer.tlog\link-rc.write.1.tlog
b:\projects\visual-studio\3d-renderer\3d-renderer\debug\3d-renderer.tlog\link.20084-cvtres.read.1.tlog
b:\projects\visual-studio\3d-renderer\3d-renderer\debug\3d-renderer.tlog\link.20084-cvtres.write.1.tlog
b:\projects\visual-studio\3d-renderer\3d-renderer\debug\3d-renderer.tlog\link.20084-rc.read.1.tlog
b:\projects\visual-studio\3d-renderer\3d-renderer\debug\3d-renderer.tlog\link.20084-rc.write.1.tlog
b:\projects\visual-studio\3d-renderer\3d-renderer\debug\3d-renderer.tlog\link.20084.read.1.tlog
b:\projects\visual-studio\3d-renderer\3d-renderer\debug\3d-renderer.tlog\link.20084.write.1.tlog
b:\projects\visual-studio\3d-renderer\3d-renderer\debug\3d-renderer.tlog\link.command.1.tlog
b:\projects\visual-studio\3d-renderer\3d-renderer\debug\3d-renderer.tlog\link.read.1.tlog
b:\projects\visual-studio\3d-renderer\3d-renderer\debug\3d-renderer.tlog\link.write.1.tlog
